2025-11-21T17:54:01.614+01:00  INFO 17136 --- [main] c.m.backend.SpaceInvadersApplication     : Starting SpaceInvadersApplication using Java 25.0.1 with PID 17136 (C:\Users\Maria\Desktop\Dev\space-multi\backend\target\classes started by Maria in C:\Users\Maria\Desktop\Dev\space-multi\backend)
2025-11-21T17:54:01.621+01:00  INFO 17136 --- [main] c.m.backend.SpaceInvadersApplication     : No active profile set, falling back to 1 default profile: "default"
2025-11-21T17:54:02.471+01:00  INFO 17136 --- [main] .s.d.r.c.RepositoryConfigurationDelegate : Bootstrapping Spring Data JPA repositories in DEFAULT mode.
2025-11-21T17:54:02.536+01:00  INFO 17136 --- [main] .s.d.r.c.RepositoryConfigurationDelegate : Finished Spring Data repository scanning in 56 ms. Found 4 JPA repository interfaces.
2025-11-21T17:54:03.031+01:00  INFO 17136 --- [main] o.s.b.w.embedded.tomcat.TomcatWebServer  : Tomcat initialized with port 8080 (http)
2025-11-21T17:54:03.046+01:00  INFO 17136 --- [main] o.apache.catalina.core.StandardService   : Starting service [Tomcat]
2025-11-21T17:54:03.046+01:00  INFO 17136 --- [main] o.apache.catalina.core.StandardEngine    : Starting Servlet engine: [Apache Tomcat/10.1.48]
2025-11-21T17:54:03.111+01:00  INFO 17136 --- [main] o.a.c.c.C.[Tomcat].[localhost].[/]       : Initializing Spring embedded WebApplicationContext
2025-11-21T17:54:03.111+01:00  INFO 17136 --- [main] w.s.c.ServletWebServerApplicationContext : Root WebApplicationContext: initialization completed in 1430 ms
2025-11-21T17:54:03.225+01:00  INFO 17136 --- [main] o.hibernate.jpa.internal.util.LogHelper  : HHH000204: Processing PersistenceUnitInfo [name: default]
2025-11-21T17:54:03.298+01:00  INFO 17136 --- [main] org.hibernate.Version                    : HHH000412: Hibernate ORM core version 6.6.33.Final
2025-11-21T17:54:03.333+01:00  INFO 17136 --- [main] o.h.c.internal.RegionFactoryInitiator    : HHH000026: Second-level cache disabled
2025-11-21T17:54:03.616+01:00  INFO 17136 --- [main] o.s.o.j.p.SpringPersistenceUnitInfo      : No LoadTimeWeaver setup: ignoring JPA class transformer
2025-11-21T17:54:03.643+01:00  INFO 17136 --- [main] com.zaxxer.hikari.HikariDataSource       : HikariPool-1 - Starting...
2025-11-21T17:54:03.817+01:00  INFO 17136 --- [main] com.zaxxer.hikari.pool.HikariPool        : HikariPool-1 - Added connection org.postgresql.jdbc.PgConnection@36cfe107
2025-11-21T17:54:03.819+01:00  INFO 17136 --- [main] com.zaxxer.hikari.HikariDataSource       : HikariPool-1 - Start completed.
2025-11-21T17:54:03.911+01:00  INFO 17136 --- [main] org.hibernate.orm.connections.pooling    : HHH10001005: Database info:
	Database JDBC URL [Connecting through datasource 'HikariDataSource (HikariPool-1)']
	Database driver: undefined/unknown
	Database version: 16.10
	Autocommit mode: undefined/unknown
	Isolation level: undefined/unknown
	Minimum pool size: undefined/unknown
	Maximum pool size: undefined/unknown
2025-11-21T17:54:05.110+01:00  INFO 17136 --- [main] o.h.e.t.j.p.i.JtaPlatformInitiator       : HHH000489: No JTA platform available (set 'hibernate.transaction.jta.platform' to enable JTA platform integration)
2025-11-21T17:54:05.296+01:00  INFO 17136 --- [main] j.LocalContainerEntityManagerFactoryBean : Initialized JPA EntityManagerFactory for persistence unit 'default'
2025-11-21T17:54:05.633+01:00  INFO 17136 --- [main] r$InitializeUserDetailsManagerConfigurer : Global AuthenticationManager configured with UserDetailsService bean with name userDetailsServiceImpl
2025-11-21T17:54:05.759+01:00  WARN 17136 --- [main] JpaBaseConfiguration$JpaWebConfiguration : spring.jpa.open-in-view is enabled by default. Therefore, database queries may be performed during view rendering. Explicitly configure spring.jpa.open-in-view to disable this warning
2025-11-21T17:54:06.302+01:00  INFO 17136 --- [main] o.s.b.w.embedded.tomcat.TomcatWebServer  : Tomcat started on port 8080 (http) with context path '/'
2025-11-21T17:54:06.310+01:00  INFO 17136 --- [main] c.m.backend.SpaceInvadersApplication     : Started SpaceInvadersApplication in 5.251 seconds (process running for 5.666)
2025-11-21T17:55:48.697+01:00  INFO 17136 --- [http-nio-8080-exec-1] o.a.c.c.C.[Tomcat].[localhost].[/]       : Initializing Spring DispatcherServlet 'dispatcherServlet'
2025-11-21T17:55:48.697+01:00  INFO 17136 --- [http-nio-8080-exec-1] o.s.web.servlet.DispatcherServlet        : Initializing Servlet 'dispatcherServlet'
2025-11-21T17:55:48.699+01:00  INFO 17136 --- [http-nio-8080-exec-1] o.s.web.servlet.DispatcherServlet        : Completed initialization in 2 ms
2025-11-21T17:55:49.161+01:00  INFO 17136 --- [http-nio-8080-exec-9] o.springdoc.api.AbstractOpenApiResource  : Init duration for springdoc-openapi is: 193 ms
2025-11-21T17:56:35.236+01:00  WARN 17136 --- [http-nio-8080-exec-9] .w.s.m.s.DefaultHandlerExceptionResolver : Resolved [org.springframework.web.method.annotation.MethodArgumentTypeMismatchException: Method parameter 'roomId': Failed to convert value of type 'java.lang.String' to required type 'java.util.UUID'; Invalid UUID string: undefined]
2025-11-21T17:58:09.874+01:00  WARN 17136 --- [http-nio-8080-exec-7] .w.s.m.s.DefaultHandlerExceptionResolver : Resolved [org.springframework.web.HttpRequestMethodNotSupportedException: Request method 'POST' is not supported]
2025-11-21T18:17:39.593+01:00  WARN 17136 --- [http-nio-8080-exec-5] .w.s.m.s.DefaultHandlerExceptionResolver : Resolved [org.springframework.web.HttpRequestMethodNotSupportedException: Request method 'POST' is not supported]
2025-11-21T19:30:35.195+01:00  WARN 17136 --- [HikariPool-1:housekeeper] com.zaxxer.hikari.pool.HikariPool        : HikariPool-1 - Thread starvation or clock leap detected (housekeeper delta=35m30s359ms194µs).
2025-11-21T20:20:25.031+01:00  INFO 17136 --- [SpringApplicationShutdownHook] o.s.b.w.e.tomcat.GracefulShutdown        : Commencing graceful shutdown. Waiting for active requests to complete
2025-11-21T20:20:25.055+01:00  INFO 17136 --- [tomcat-shutdown] o.s.b.w.e.tomcat.GracefulShutdown        : Graceful shutdown complete
2025-11-21T20:20:25.068+01:00  INFO 17136 --- [SpringApplicationShutdownHook] j.LocalContainerEntityManagerFactoryBean : Closing JPA EntityManagerFactory for persistence unit 'default'
2025-11-21T20:20:25.075+01:00  INFO 17136 --- [SpringApplicationShutdownHook] com.zaxxer.hikari.HikariDataSource       : HikariPool-1 - Shutdown initiated...
2025-11-21T20:20:25.083+01:00  INFO 17136 --- [SpringApplicationShutdownHook] com.zaxxer.hikari.HikariDataSource       : HikariPool-1 - Shutdown completed.
